<?xml version="1.0" encoding="UTF-8"?>
<testng-results total="1" passed="1" failed="0" skipped="0">
  <reporter-output>
  </reporter-output>
  <suite started-at="2019-02-16T21:45:45Z" name="Hotwire - QIAGEN" finished-at="2019-02-16T21:46:13Z" duration-ms="28095">
    <groups>
    </groups>
    <test started-at="2019-02-16T21:45:45Z" name="Search Results" finished-at="2019-02-16T21:46:13Z" duration-ms="28095">
      <class name="hotwire.testcases.ResultsValidation">
        <test-method is-config="true" signature="pageLoad()[pri:0, instance:hotwire.testcases.ResultsValidation@2145b572]" started-at="2019-02-16T13:45:45Z" name="pageLoad" finished-at="2019-02-16T13:45:55Z" duration-ms="10303" status="PASS">
          <reporter-output>
          </reporter-output>
        </test-method> <!-- pageLoad -->
        <test-method signature="search()[pri:0, instance:hotwire.testcases.ResultsValidation@2145b572]" started-at="2019-02-16T13:45:55Z" name="search" finished-at="2019-02-16T13:46:13Z" duration-ms="17780" status="PASS">
          <reporter-output>
          </reporter-output>
        </test-method> <!-- search -->
      </class> <!-- hotwire.testcases.ResultsValidation -->
    </test> <!-- Search Results -->
  </suite> <!-- Hotwire - QIAGEN -->
</testng-results>
